Determining if the pthread_create exist failed with the following output:
Change Dir: /home/justin/Github/ROS_Tutorials/build_cmi/fake_point_cloud/CMakeFiles/CMakeTmp

Run Build Command:"/usr/bin/make" "cmTC_95ced/fast"
/usr/bin/make -f CMakeFiles/cmTC_95ced.dir/build.make CMakeFiles/cmTC_95ced.dir/build
make[1]: Entering directory '/home/justin/Github/ROS_Tutorials/build_cmi/fake_point_cloud/CMakeFiles/CMakeTmp'
Building C object CMakeFiles/cmTC_95ced.dir/CheckSymbolExists.c.o
/usr/bin/cc     -o CMakeFiles/cmTC_95ced.dir/CheckSymbolExists.c.o   -c /home/justin/Github/ROS_Tutorials/build_cmi/fake_point_cloud/CMakeFiles/CMakeTmp/CheckSymbolExists.c
Linking C executable cmTC_95ced
/usr/bin/cmake -E cmake_link_script CMakeFiles/cmTC_95ced.dir/link.txt --verbose=1
/usr/bin/cc       CMakeFiles/cmTC_95ced.dir/CheckSymbolExists.c.o  -o cmTC_95ced -rdynamic 
CMakeFiles/cmTC_95ced.dir/CheckSymbolExists.c.o: In function `main':
CheckSymbolExists.c:(.text+0x16): undefined reference to `pthread_create'
collect2: error: ld returned 1 exit status
CMakeFiles/cmTC_95ced.dir/build.make:97: recipe for target 'cmTC_95ced' failed
make[1]: *** [cmTC_95ced] Error 1
make[1]: Leaving directory '/home/justin/Github/ROS_Tutorials/build_cmi/fake_point_cloud/CMakeFiles/CMakeTmp'
Makefile:126: recipe for target 'cmTC_95ced/fast' failed
make: *** [cmTC_95ced/fast] Error 2

File /home/justin/Github/ROS_Tutorials/build_cmi/fake_point_cloud/CMakeFiles/CMakeTmp/CheckSymbolExists.c:
/* */
#include <pthread.h>

int main(int argc, char** argv)
{
  (void)argv;
#ifndef pthread_create
  return ((int*)(&pthread_create))[argc];
#else
  (void)argc;
  return 0;
#endif
}

Determining if the function pthread_create exists in the pthreads failed with the following output:
Change Dir: /home/justin/Github/ROS_Tutorials/build_cmi/fake_point_cloud/CMakeFiles/CMakeTmp

Run Build Command:"/usr/bin/make" "cmTC_40767/fast"
/usr/bin/make -f CMakeFiles/cmTC_40767.dir/build.make CMakeFiles/cmTC_40767.dir/build
make[1]: Entering directory '/home/justin/Github/ROS_Tutorials/build_cmi/fake_point_cloud/CMakeFiles/CMakeTmp'
Building C object CMakeFiles/cmTC_40767.dir/CheckFunctionExists.c.o
/usr/bin/cc    -DCHECK_FUNCTION_EXISTS=pthread_create   -o CMakeFiles/cmTC_40767.dir/CheckFunctionExists.c.o   -c /usr/share/cmake-3.5/Modules/CheckFunctionExists.c
Linking C executable cmTC_40767
/usr/bin/cmake -E cmake_link_script CMakeFiles/cmTC_40767.dir/link.txt --verbose=1
/usr/bin/cc   -DCHECK_FUNCTION_EXISTS=pthread_create    CMakeFiles/cmTC_40767.dir/CheckFunctionExists.c.o  -o cmTC_40767 -rdynamic -lpthreads 
/usr/bin/ld: cannot find -lpthreads
collect2: error: ld returned 1 exit status
CMakeFiles/cmTC_40767.dir/build.make:97: recipe for target 'cmTC_40767' failed
make[1]: *** [cmTC_40767] Error 1
make[1]: Leaving directory '/home/justin/Github/ROS_Tutorials/build_cmi/fake_point_cloud/CMakeFiles/CMakeTmp'
Makefile:126: recipe for target 'cmTC_40767/fast' failed
make: *** [cmTC_40767/fast] Error 2


