Determining if the pthread_create exist failed with the following output:
Change Dir: /home/justin/Github/ROS_Tutorials/build_cmi/learning_odom/CMakeFiles/CMakeTmp

Run Build Command:"/usr/bin/make" "cmTC_7a577/fast"
/usr/bin/make -f CMakeFiles/cmTC_7a577.dir/build.make CMakeFiles/cmTC_7a577.dir/build
make[1]: Entering directory '/home/justin/Github/ROS_Tutorials/build_cmi/learning_odom/CMakeFiles/CMakeTmp'
Building C object CMakeFiles/cmTC_7a577.dir/CheckSymbolExists.c.o
/usr/bin/cc     -o CMakeFiles/cmTC_7a577.dir/CheckSymbolExists.c.o   -c /home/justin/Github/ROS_Tutorials/build_cmi/learning_odom/CMakeFiles/CMakeTmp/CheckSymbolExists.c
Linking C executable cmTC_7a577
/usr/bin/cmake -E cmake_link_script CMakeFiles/cmTC_7a577.dir/link.txt --verbose=1
/usr/bin/cc       CMakeFiles/cmTC_7a577.dir/CheckSymbolExists.c.o  -o cmTC_7a577 -rdynamic 
CMakeFiles/cmTC_7a577.dir/CheckSymbolExists.c.o: In function `main':
CheckSymbolExists.c:(.text+0x16): undefined reference to `pthread_create'
collect2: error: ld returned 1 exit status
CMakeFiles/cmTC_7a577.dir/build.make:97: recipe for target 'cmTC_7a577' failed
make[1]: *** [cmTC_7a577] Error 1
make[1]: Leaving directory '/home/justin/Github/ROS_Tutorials/build_cmi/learning_odom/CMakeFiles/CMakeTmp'
Makefile:126: recipe for target 'cmTC_7a577/fast' failed
make: *** [cmTC_7a577/fast] Error 2

File /home/justin/Github/ROS_Tutorials/build_cmi/learning_odom/CMakeFiles/CMakeTmp/CheckSymbolExists.c:
/* */
#include <pthread.h>

int main(int argc, char** argv)
{
  (void)argv;
#ifndef pthread_create
  return ((int*)(&pthread_create))[argc];
#else
  (void)argc;
  return 0;
#endif
}

Determining if the function pthread_create exists in the pthreads failed with the following output:
Change Dir: /home/justin/Github/ROS_Tutorials/build_cmi/learning_odom/CMakeFiles/CMakeTmp

Run Build Command:"/usr/bin/make" "cmTC_fe953/fast"
/usr/bin/make -f CMakeFiles/cmTC_fe953.dir/build.make CMakeFiles/cmTC_fe953.dir/build
make[1]: Entering directory '/home/justin/Github/ROS_Tutorials/build_cmi/learning_odom/CMakeFiles/CMakeTmp'
Building C object CMakeFiles/cmTC_fe953.dir/CheckFunctionExists.c.o
/usr/bin/cc    -DCHECK_FUNCTION_EXISTS=pthread_create   -o CMakeFiles/cmTC_fe953.dir/CheckFunctionExists.c.o   -c /usr/share/cmake-3.5/Modules/CheckFunctionExists.c
Linking C executable cmTC_fe953
/usr/bin/cmake -E cmake_link_script CMakeFiles/cmTC_fe953.dir/link.txt --verbose=1
/usr/bin/cc   -DCHECK_FUNCTION_EXISTS=pthread_create    CMakeFiles/cmTC_fe953.dir/CheckFunctionExists.c.o  -o cmTC_fe953 -rdynamic -lpthreads 
/usr/bin/ld: cannot find -lpthreads
collect2: error: ld returned 1 exit status
CMakeFiles/cmTC_fe953.dir/build.make:97: recipe for target 'cmTC_fe953' failed
make[1]: *** [cmTC_fe953] Error 1
make[1]: Leaving directory '/home/justin/Github/ROS_Tutorials/build_cmi/learning_odom/CMakeFiles/CMakeTmp'
Makefile:126: recipe for target 'cmTC_fe953/fast' failed
make: *** [cmTC_fe953/fast] Error 2


