Determining if the pthread_create exist failed with the following output:
Change Dir: /home/justin/Github/ROS_Tutorials/build_cmi/laser_scan_intro/CMakeFiles/CMakeTmp

Run Build Command:"/usr/bin/make" "cmTC_fcf1d/fast"
/usr/bin/make -f CMakeFiles/cmTC_fcf1d.dir/build.make CMakeFiles/cmTC_fcf1d.dir/build
make[1]: Entering directory '/home/justin/Github/ROS_Tutorials/build_cmi/laser_scan_intro/CMakeFiles/CMakeTmp'
Building C object CMakeFiles/cmTC_fcf1d.dir/CheckSymbolExists.c.o
/usr/bin/cc     -o CMakeFiles/cmTC_fcf1d.dir/CheckSymbolExists.c.o   -c /home/justin/Github/ROS_Tutorials/build_cmi/laser_scan_intro/CMakeFiles/CMakeTmp/CheckSymbolExists.c
Linking C executable cmTC_fcf1d
/usr/bin/cmake -E cmake_link_script CMakeFiles/cmTC_fcf1d.dir/link.txt --verbose=1
/usr/bin/cc       CMakeFiles/cmTC_fcf1d.dir/CheckSymbolExists.c.o  -o cmTC_fcf1d -rdynamic 
CMakeFiles/cmTC_fcf1d.dir/CheckSymbolExists.c.o: In function `main':
CheckSymbolExists.c:(.text+0x16): undefined reference to `pthread_create'
collect2: error: ld returned 1 exit status
CMakeFiles/cmTC_fcf1d.dir/build.make:97: recipe for target 'cmTC_fcf1d' failed
make[1]: *** [cmTC_fcf1d] Error 1
make[1]: Leaving directory '/home/justin/Github/ROS_Tutorials/build_cmi/laser_scan_intro/CMakeFiles/CMakeTmp'
Makefile:126: recipe for target 'cmTC_fcf1d/fast' failed
make: *** [cmTC_fcf1d/fast] Error 2

File /home/justin/Github/ROS_Tutorials/build_cmi/laser_scan_intro/CMakeFiles/CMakeTmp/CheckSymbolExists.c:
/* */
#include <pthread.h>

int main(int argc, char** argv)
{
  (void)argv;
#ifndef pthread_create
  return ((int*)(&pthread_create))[argc];
#else
  (void)argc;
  return 0;
#endif
}

Determining if the function pthread_create exists in the pthreads failed with the following output:
Change Dir: /home/justin/Github/ROS_Tutorials/build_cmi/laser_scan_intro/CMakeFiles/CMakeTmp

Run Build Command:"/usr/bin/make" "cmTC_1aad6/fast"
/usr/bin/make -f CMakeFiles/cmTC_1aad6.dir/build.make CMakeFiles/cmTC_1aad6.dir/build
make[1]: Entering directory '/home/justin/Github/ROS_Tutorials/build_cmi/laser_scan_intro/CMakeFiles/CMakeTmp'
Building C object CMakeFiles/cmTC_1aad6.dir/CheckFunctionExists.c.o
/usr/bin/cc    -DCHECK_FUNCTION_EXISTS=pthread_create   -o CMakeFiles/cmTC_1aad6.dir/CheckFunctionExists.c.o   -c /usr/share/cmake-3.5/Modules/CheckFunctionExists.c
Linking C executable cmTC_1aad6
/usr/bin/cmake -E cmake_link_script CMakeFiles/cmTC_1aad6.dir/link.txt --verbose=1
/usr/bin/cc   -DCHECK_FUNCTION_EXISTS=pthread_create    CMakeFiles/cmTC_1aad6.dir/CheckFunctionExists.c.o  -o cmTC_1aad6 -rdynamic -lpthreads 
/usr/bin/ld: cannot find -lpthreads
collect2: error: ld returned 1 exit status
CMakeFiles/cmTC_1aad6.dir/build.make:97: recipe for target 'cmTC_1aad6' failed
make[1]: *** [cmTC_1aad6] Error 1
make[1]: Leaving directory '/home/justin/Github/ROS_Tutorials/build_cmi/laser_scan_intro/CMakeFiles/CMakeTmp'
Makefile:126: recipe for target 'cmTC_1aad6/fast' failed
make: *** [cmTC_1aad6/fast] Error 2


