Determining if the pthread_create exist failed with the following output:
Change Dir: /home/justin/catkin_ws/build/CMakeFiles/CMakeTmp

Run Build Command:"/usr/bin/make" "cmTC_722aa/fast"
/usr/bin/make -f CMakeFiles/cmTC_722aa.dir/build.make CMakeFiles/cmTC_722aa.dir/build
make[1]: Entering directory '/home/justin/catkin_ws/build/CMakeFiles/CMakeTmp'
Building C object CMakeFiles/cmTC_722aa.dir/CheckSymbolExists.c.o
/usr/bin/cc     -o CMakeFiles/cmTC_722aa.dir/CheckSymbolExists.c.o   -c /home/justin/catkin_ws/build/CMakeFiles/CMakeTmp/CheckSymbolExists.c
Linking C executable cmTC_722aa
/usr/bin/cmake -E cmake_link_script CMakeFiles/cmTC_722aa.dir/link.txt --verbose=1
/usr/bin/cc       CMakeFiles/cmTC_722aa.dir/CheckSymbolExists.c.o  -o cmTC_722aa -rdynamic 
CMakeFiles/cmTC_722aa.dir/CheckSymbolExists.c.o: In function `main':
CheckSymbolExists.c:(.text+0x16): undefined reference to `pthread_create'
collect2: error: ld returned 1 exit status
CMakeFiles/cmTC_722aa.dir/build.make:97: recipe for target 'cmTC_722aa' failed
make[1]: *** [cmTC_722aa] Error 1
make[1]: Leaving directory '/home/justin/catkin_ws/build/CMakeFiles/CMakeTmp'
Makefile:126: recipe for target 'cmTC_722aa/fast' failed
make: *** [cmTC_722aa/fast] Error 2

File /home/justin/catkin_ws/build/CMakeFiles/CMakeTmp/CheckSymbolExists.c:
/* */
#include <pthread.h>

int main(int argc, char** argv)
{
  (void)argv;
#ifndef pthread_create
  return ((int*)(&pthread_create))[argc];
#else
  (void)argc;
  return 0;
#endif
}

Determining if the function pthread_create exists in the pthreads failed with the following output:
Change Dir: /home/justin/catkin_ws/build/CMakeFiles/CMakeTmp

Run Build Command:"/usr/bin/make" "cmTC_66132/fast"
/usr/bin/make -f CMakeFiles/cmTC_66132.dir/build.make CMakeFiles/cmTC_66132.dir/build
make[1]: Entering directory '/home/justin/catkin_ws/build/CMakeFiles/CMakeTmp'
Building C object CMakeFiles/cmTC_66132.dir/CheckFunctionExists.c.o
/usr/bin/cc    -DCHECK_FUNCTION_EXISTS=pthread_create   -o CMakeFiles/cmTC_66132.dir/CheckFunctionExists.c.o   -c /usr/share/cmake-3.5/Modules/CheckFunctionExists.c
Linking C executable cmTC_66132
/usr/bin/cmake -E cmake_link_script CMakeFiles/cmTC_66132.dir/link.txt --verbose=1
/usr/bin/cc   -DCHECK_FUNCTION_EXISTS=pthread_create    CMakeFiles/cmTC_66132.dir/CheckFunctionExists.c.o  -o cmTC_66132 -rdynamic -lpthreads 
/usr/bin/ld: cannot find -lpthreads
collect2: error: ld returned 1 exit status
CMakeFiles/cmTC_66132.dir/build.make:97: recipe for target 'cmTC_66132' failed
make[1]: *** [cmTC_66132] Error 1
make[1]: Leaving directory '/home/justin/catkin_ws/build/CMakeFiles/CMakeTmp'
Makefile:126: recipe for target 'cmTC_66132/fast' failed
make: *** [cmTC_66132/fast] Error 2


